[20Dec2024 23:20:51.728] [main/INFO] [cpw.mods.modlauncher.Launcher/MODLAUNCHER]: ModLauncher running: args [--launchTarget, forgeserver, --fml.forgeVersion, 40.2.21, --fml.mcVersion, 1.18.2, --fml.forgeGroup, net.minecraftforge, --fml.mcpVersion, 20220404.173914]
[20Dec2024 23:20:51.731] [main/INFO] [cpw.mods.modlauncher.Launcher/MODLAUNCHER]: ModLauncher 9.1.3+9.1.3+main.9b69c82a starting: java version 21.0.5 by Microsoft
[20Dec2024 23:20:51.885] [main/INFO] [mixin/]: SpongePowered MIXIN Subsystem Version=0.8.5 Source=union:/workspaces/laughing-pancake/servidor_minecraft/libraries/org/spongepowered/mixin/0.8.5/mixin-0.8.5.jar%2314!/ Service=ModLauncher Env=SERVER
[20Dec2024 23:20:52.711] [main/WARN] [net.minecraftforge.fml.loading.moddiscovery.ModFileParser/LOADING]: Mod file /workspaces/laughing-pancake/servidor_minecraft/libraries/net/minecraftforge/fmlcore/1.18.2-40.2.21/fmlcore-1.18.2-40.2.21.jar is missing mods.toml file
[20Dec2024 23:20:52.712] [main/WARN] [net.minecraftforge.fml.loading.moddiscovery.ModFileParser/LOADING]: Mod file /workspaces/laughing-pancake/servidor_minecraft/libraries/net/minecraftforge/javafmllanguage/1.18.2-40.2.21/javafmllanguage-1.18.2-40.2.21.jar is missing mods.toml file
[20Dec2024 23:20:52.713] [main/WARN] [net.minecraftforge.fml.loading.moddiscovery.ModFileParser/LOADING]: Mod file /workspaces/laughing-pancake/servidor_minecraft/libraries/net/minecraftforge/lowcodelanguage/1.18.2-40.2.21/lowcodelanguage-1.18.2-40.2.21.jar is missing mods.toml file
[20Dec2024 23:20:52.714] [main/WARN] [net.minecraftforge.fml.loading.moddiscovery.ModFileParser/LOADING]: Mod file /workspaces/laughing-pancake/servidor_minecraft/libraries/net/minecraftforge/mclanguage/1.18.2-40.2.21/mclanguage-1.18.2-40.2.21.jar is missing mods.toml file
[20Dec2024 23:20:52.920] [main/WARN] [net.minecraftforge.jarjar.selection.JarSelector/]: Attempted to select two dependency jars from JarJar which have the same identification: Mod File:  and Mod File: . Using Mod File: 
[20Dec2024 23:20:52.922] [main/INFO] [net.minecraftforge.fml.loading.moddiscovery.JarInJarDependencyLocator/]: Found 12 dependencies adding them to mods collection
[20Dec2024 23:20:57.906] [main/INFO] [mixin/]: Compatibility level set to JAVA_17
[20Dec2024 23:20:57.992] [main/ERROR] [mixin/]: Mixin config kubejsoffline.mixins.json does not specify "minVersion" property
[20Dec2024 23:20:57.994] [main/ERROR] [mixin/]: Mixin config kubejsoffline-common.mixins.json does not specify "minVersion" property
[20Dec2024 23:20:58.230] [main/ERROR] [mixin/]: Mixin config customvillagertrades.mixins.json does not specify "minVersion" property
[20Dec2024 23:20:58.309] [main/ERROR] [mixin/]: Mixin config geckoanimfix.forge.mixins.json does not specify "minVersion" property
[20Dec2024 23:20:58.324] [main/ERROR] [mixin/]: Mixin config drg_flares.mixins.json does not specify "minVersion" property
[20Dec2024 23:20:58.487] [main/INFO] [mixin/]: Successfully loaded Mixin Connector [com.sonicether.soundphysics.MixinConnector]
[20Dec2024 23:20:58.493] [main/INFO] [mixin/]: Successfully loaded Mixin Connector [ca.spottedleaf.starlight.mixin.MixinConnector]
[20Dec2024 23:20:58.495] [main/INFO] [mixin/]: Successfully loaded Mixin Connector [de.maxhenkel.camera.MixinConnector]
[20Dec2024 23:20:58.496] [main/INFO] [mixin/]: Successfully loaded Mixin Connector [de.maxhenkel.car.MixinConnector]
[20Dec2024 23:20:58.503] [main/INFO] [cpw.mods.modlauncher.LaunchServiceHandler/MODLAUNCHER]: Launching target 'forgeserver' with arguments []
[20Dec2024 23:20:58.526] [main/WARN] [mixin/]: Reference map 'nerb-forge-refmap.json' for nerb.mixins.json could not be read. If this is a development environment you can ignore this message
[20Dec2024 23:20:58.589] [main/INFO] [ModernFix/]: Loaded configuration file for ModernFix 5.13.0+mc1.18.2: 74 options available, 2 override(s) found
[20Dec2024 23:20:58.590] [main/WARN] [ModernFix/]: Option 'mixin.bugfix.item_cache_flag' overriden (by mods [canary]) to 'false'
[20Dec2024 23:20:58.590] [main/WARN] [ModernFix/]: Option 'mixin.perf.thread_priorities' overriden (by mods [smoothboot]) to 'false'
[20Dec2024 23:20:58.590] [main/INFO] [ModernFix/]: Applying Nashorn fix
[20Dec2024 23:20:58.603] [main/INFO] [ModernFix/]: Applied Forge config corruption patch
[20Dec2024 23:20:58.647] [main/INFO] [Embeddium/]: Loaded configuration file for Embeddium: 263 options available, 1 override(s) found
[20Dec2024 23:20:58.656] [main/WARN] [mixin/]: Reference map 'kubejsoffline-forge-refmap.json' for kubejsoffline.mixins.json could not be read. If this is a development environment you can ignore this message
[20Dec2024 23:20:58.658] [main/WARN] [mixin/]: Reference map 'kubejsoffline-common-refmap.json' for kubejsoffline-common.mixins.json could not be read. If this is a development environment you can ignore this message
[20Dec2024 23:20:58.816] [main/INFO] [Sodium Extra Config/]: Loaded configuration file for Sodium Extra: 30 options available, 0 override(s) found
[20Dec2024 23:20:58.843] [main/WARN] [CanaryConfig/]: Mod 'pluto' attempted to override option 'mixin.world.player_chunk_tick', which doesn't exist, ignoring
[20Dec2024 23:20:58.847] [main/INFO] [Canary/]: Loaded configuration file for Canary: 118 options available, 0 override(s) found
[20Dec2024 23:20:58.866] [main/WARN] [mixin/]: Reference map 'insanelib.refmap.json' for insanelib.mixins.json could not be read. If this is a development environment you can ignore this message
[20Dec2024 23:20:58.870] [main/WARN] [mixin/]: Reference map 'ritchiesprojectilelib-forge-refmap.json' for ritchiesprojectilelib-forge.mixins.json could not be read. If this is a development environment you can ignore this message
[20Dec2024 23:20:58.912] [main/WARN] [mixin/]: Reference map 'cupboard.refmap.json' for cupboard.mixins.json could not be read. If this is a development environment you can ignore this message
[20Dec2024 23:20:58.934] [main/WARN] [mixin/]: Reference map 'creativecore.mixins.refmap.json' for creativecore.mixins.json could not be read. If this is a development environment you can ignore this message
[20Dec2024 23:20:58.944] [main/WARN] [mixin/]: Reference map 'coroutil.refmap.json' for coroutil.mixins.json could not be read. If this is a development environment you can ignore this message
[20Dec2024 23:21:00.238] [main/FATAL] [net.minecraftforge.fml.loading.RuntimeDistCleaner/DISTXFORM]: Attempted to load class net/minecraft/client/resources/model/ModelBakery for invalid dist DEDICATED_SERVER
[20Dec2024 23:21:00.239] [main/WARN] [mixin/]: Error loading class: net/minecraft/client/resources/model/ModelBakery (java.lang.RuntimeException: Attempted to load class net/minecraft/client/resources/model/ModelBakery for invalid dist DEDICATED_SERVER)
[20Dec2024 23:21:00.240] [main/WARN] [mixin/]: @Mixin target net.minecraft.client.resources.model.ModelBakery was not found lightspeed.mixins.json:model.ModelBakeryMixin
[20Dec2024 23:21:00.255] [main/WARN] [mixin/]: Error loading class: com/brewinandchewin/common/block/entity/KegBlockEntity (java.lang.ClassNotFoundException: com.brewinandchewin.common.block.entity.KegBlockEntity)
[20Dec2024 23:21:00.255] [main/WARN] [mixin/]: @Mixin target com.brewinandchewin.common.block.entity.KegBlockEntity was not found thirst.mixin.json:accessors.brewinandchewin.KegBlockEntityAccessor
[20Dec2024 23:21:00.257] [main/WARN] [mixin/]: Error loading class: com/farmersrespite/common/block/entity/KettleBlockEntity (java.lang.ClassNotFoundException: com.farmersrespite.common.block.entity.KettleBlockEntity)
[20Dec2024 23:21:00.258] [main/WARN] [mixin/]: @Mixin target com.farmersrespite.common.block.entity.KettleBlockEntity was not found thirst.mixin.json:accessors.farmersrespite.KettleBlockEntityAccessor
[20Dec2024 23:21:00.259] [main/WARN] [mixin/]: Error loading class: com/brewinandchewin/common/block/entity/KegBlockEntity (java.lang.ClassNotFoundException: com.brewinandchewin.common.block.entity.KegBlockEntity)
[20Dec2024 23:21:00.260] [main/WARN] [mixin/]: @Mixin target com.brewinandchewin.common.block.entity.KegBlockEntity was not found thirst.mixin.json:brewinandchewin.MixinKegBlockEntity
[20Dec2024 23:21:00.265] [main/WARN] [mixin/]: Error loading class: com/farmersrespite/common/block/KettleBlock (java.lang.ClassNotFoundException: com.farmersrespite.common.block.KettleBlock)
[20Dec2024 23:21:00.265] [main/WARN] [mixin/]: @Mixin target com.farmersrespite.common.block.KettleBlock was not found thirst.mixin.json:farmersrespite.MixinKettleBlock
[20Dec2024 23:21:00.266] [main/WARN] [mixin/]: Error loading class: com/farmersrespite/common/block/entity/KettleBlockEntity (java.lang.ClassNotFoundException: com.farmersrespite.common.block.entity.KettleBlockEntity)
[20Dec2024 23:21:00.266] [main/WARN] [mixin/]: @Mixin target com.farmersrespite.common.block.entity.KettleBlockEntity was not found thirst.mixin.json:farmersrespite.MixinKettleBlockEntity
[20Dec2024 23:21:00.268] [main/WARN] [mixin/]: Error loading class: snownee/jade/addon/forge/ForgeCapabilityProvider (java.lang.ClassNotFoundException: snownee.jade.addon.forge.ForgeCapabilityProvider)
[20Dec2024 23:21:00.268] [main/WARN] [mixin/]: @Mixin target snownee.jade.addon.forge.ForgeCapabilityProvider was not found thirst.mixin.json:jade.MixinForgeCapabilityProvider
[20Dec2024 23:21:00.269] [main/WARN] [mixin/]: Error loading class: toughasnails/item/EmptyCanteenItem (java.lang.ClassNotFoundException: toughasnails.item.EmptyCanteenItem)
[20Dec2024 23:21:00.269] [main/WARN] [mixin/]: @Mixin target toughasnails.item.EmptyCanteenItem was not found thirst.mixin.json:toughasnails.MixinEmptyCanteenItem
[20Dec2024 23:21:00.270] [main/WARN] [mixin/]: Error loading class: toughasnails/config/ServerConfig (java.lang.ClassNotFoundException: toughasnails.config.ServerConfig)
[20Dec2024 23:21:00.270] [main/WARN] [mixin/]: @Mixin target toughasnails.config.ServerConfig was not found thirst.mixin.json:toughasnails.MixinServerConfig
[20Dec2024 23:21:00.271] [main/WARN] [mixin/]: Error loading class: toughasnails/thirst/ThirstHandler (java.lang.ClassNotFoundException: toughasnails.thirst.ThirstHandler)
[20Dec2024 23:21:00.272] [main/WARN] [mixin/]: @Mixin target toughasnails.thirst.ThirstHandler was not found thirst.mixin.json:toughasnails.MixinThirstHandler
[20Dec2024 23:21:00.273] [main/WARN] [mixin/]: Error loading class: toughasnails/thirst/ThirstHelperImpl (java.lang.ClassNotFoundException: toughasnails.thirst.ThirstHelperImpl)
[20Dec2024 23:21:00.274] [main/WARN] [mixin/]: @Mixin target toughasnails.thirst.ThirstHelperImpl was not found thirst.mixin.json:toughasnails.MixinThirstHelperImpl
[20Dec2024 23:21:00.935] [main/WARN] [mixin/]: Error loading class: mezz/jei/transfer/RecipeTransferUtil (java.lang.ClassNotFoundException: mezz.jei.transfer.RecipeTransferUtil)
[20Dec2024 23:21:00.935] [main/WARN] [mixin/]: @Mixin target mezz.jei.transfer.RecipeTransferUtil was not found polymorph_integrations.mixins.json:jei.MixinRecipeTransferUtil
[20Dec2024 23:21:01.196] [main/FATAL] [net.minecraftforge.fml.loading.RuntimeDistCleaner/DISTXFORM]: Attempted to load class net/minecraft/client/renderer/GameRenderer for invalid dist DEDICATED_SERVER
[20Dec2024 23:21:01.197] [main/WARN] [mixin/]: Error loading class: net/minecraft/client/renderer/GameRenderer (java.lang.RuntimeException: Attempted to load class net/minecraft/client/renderer/GameRenderer for invalid dist DEDICATED_SERVER)
[20Dec2024 23:21:01.198] [main/WARN] [mixin/]: @Mixin target net.minecraft.client.renderer.GameRenderer was not found darkness.client.json:MixinGameRenderer
[20Dec2024 23:21:01.199] [main/FATAL] [net.minecraftforge.fml.loading.RuntimeDistCleaner/DISTXFORM]: Attempted to load class net/minecraft/client/renderer/LightTexture for invalid dist DEDICATED_SERVER
[20Dec2024 23:21:01.200] [main/WARN] [mixin/]: Error loading class: net/minecraft/client/renderer/LightTexture (java.lang.RuntimeException: Attempted to load class net/minecraft/client/renderer/LightTexture for invalid dist DEDICATED_SERVER)
[20Dec2024 23:21:01.200] [main/WARN] [mixin/]: @Mixin target net.minecraft.client.renderer.LightTexture was not found darkness.client.json:MixinLightTexture
[20Dec2024 23:21:01.201] [main/WARN] [mixin/]: Error loading class: net/minecraft/client/renderer/texture/DynamicTexture (java.lang.ClassNotFoundException: net.minecraft.client.renderer.texture.DynamicTexture)
[20Dec2024 23:21:01.202] [main/WARN] [mixin/]: @Mixin target net.minecraft.client.renderer.texture.DynamicTexture was not found darkness.client.json:MixinDynamicTexture
[20Dec2024 23:21:01.203] [main/FATAL] [net.minecraftforge.fml.loading.RuntimeDistCleaner/DISTXFORM]: Attempted to load class net/minecraft/client/renderer/DimensionSpecialEffects$EndEffects for invalid dist DEDICATED_SERVER
[20Dec2024 23:21:01.204] [main/WARN] [mixin/]: Error loading class: net/minecraft/client/renderer/DimensionSpecialEffects$EndEffects (java.lang.RuntimeException: Attempted to load class net/minecraft/client/renderer/DimensionSpecialEffects$EndEffects for invalid dist DEDICATED_SERVER)
[20Dec2024 23:21:01.204] [main/WARN] [mixin/]: @Mixin target net.minecraft.client.renderer.DimensionSpecialEffects$EndEffects was not found darkness.client.json:MixinEndEffects
[20Dec2024 23:21:01.222] [main/FATAL] [net.minecraftforge.fml.loading.RuntimeDistCleaner/DISTXFORM]: Attempted to load class net/minecraft/client/renderer/DimensionSpecialEffects$NetherEffects for invalid dist DEDICATED_SERVER
[20Dec2024 23:21:01.223] [main/WARN] [mixin/]: Error loading class: net/minecraft/client/renderer/DimensionSpecialEffects$NetherEffects (java.lang.RuntimeException: Attempted to load class net/minecraft/client/renderer/DimensionSpecialEffects$NetherEffects for invalid dist DEDICATED_SERVER)
[20Dec2024 23:21:01.223] [main/WARN] [mixin/]: @Mixin target net.minecraft.client.renderer.DimensionSpecialEffects$NetherEffects was not found darkness.client.json:MixinNetherEffects
[20Dec2024 23:21:01.331] [main/WARN] [mixin/]: Error loading class: net/minecraft/client/multiplayer/resolver/ServerAddressResolver (java.lang.ClassNotFoundException: net.minecraft.client.multiplayer.resolver.ServerAddressResolver)
[20Dec2024 23:21:01.331] [main/WARN] [mixin/]: @Mixin target net.minecraft.client.multiplayer.resolver.ServerAddressResolver was not found fastipping.mixins.json:AddressResolverMixin
[20Dec2024 23:21:01.352] [main/WARN] [mixin/]: Error loading class: net/minecraft/client/gui/screens/inventory/AnvilScreen (java.lang.ClassNotFoundException: net.minecraft.client.gui.screens.inventory.AnvilScreen)
[20Dec2024 23:21:01.352] [main/WARN] [mixin/]: @Mixin target net.minecraft.client.gui.screens.inventory.AnvilScreen was not found ante.mixins.json:AnvilScreenMixin
[20Dec2024 23:21:01.677] [main/WARN] [mixin/]: Error loading class: com/brewinandchewin/common/block/entity/KegBlockEntity (java.lang.ClassNotFoundException: com.brewinandchewin.common.block.entity.KegBlockEntity)
[20Dec2024 23:21:01.677] [main/WARN] [mixin/]: @Mixin target com.brewinandchewin.common.block.entity.KegBlockEntity was not found create_central_kitchen.mixins.json:common.brewinandchewin.KegBlockEntityMixin
[20Dec2024 23:21:01.773] [main/WARN] [mixin/]: Error loading class: com/farmersrespite/common/block/CoffeeBushBlock (java.lang.ClassNotFoundException: com.farmersrespite.common.block.CoffeeBushBlock)
[20Dec2024 23:21:01.774] [main/WARN] [mixin/]: @Mixin target com.farmersrespite.common.block.CoffeeBushBlock was not found create_central_kitchen.mixins.json:common.farmersrespite.CoffeeBushBlockMixin
[20Dec2024 23:21:01.776] [main/WARN] [mixin/]: Error loading class: com/farmersrespite/common/block/CoffeeBushTopBlock (java.lang.ClassNotFoundException: com.farmersrespite.common.block.CoffeeBushTopBlock)
[20Dec2024 23:21:01.777] [main/WARN] [mixin/]: @Mixin target com.farmersrespite.common.block.CoffeeBushTopBlock was not found create_central_kitchen.mixins.json:common.farmersrespite.CoffeeBushTopBlockMixin
[20Dec2024 23:21:01.779] [main/WARN] [mixin/]: Error loading class: com/farmersrespite/common/block/CoffeeDoubleStemBlock (java.lang.ClassNotFoundException: com.farmersrespite.common.block.CoffeeDoubleStemBlock)
[20Dec2024 23:21:01.779] [main/WARN] [mixin/]: @Mixin target com.farmersrespite.common.block.CoffeeDoubleStemBlock was not found create_central_kitchen.mixins.json:common.farmersrespite.CoffeeDoubleStemBlockMixin
[20Dec2024 23:21:01.781] [main/WARN] [mixin/]: Error loading class: com/farmersrespite/common/block/CoffeeMiddleStemBlock (java.lang.ClassNotFoundException: com.farmersrespite.common.block.CoffeeMiddleStemBlock)
[20Dec2024 23:21:01.781] [main/WARN] [mixin/]: @Mixin target com.farmersrespite.common.block.CoffeeMiddleStemBlock was not found create_central_kitchen.mixins.json:common.farmersrespite.CoffeeMiddleStemBlockMixin
[20Dec2024 23:21:01.783] [main/WARN] [mixin/]: Error loading class: com/farmersrespite/common/block/CoffeeStemBlock (java.lang.ClassNotFoundException: com.farmersrespite.common.block.CoffeeStemBlock)
[20Dec2024 23:21:01.784] [main/WARN] [mixin/]: @Mixin target com.farmersrespite.common.block.CoffeeStemBlock was not found create_central_kitchen.mixins.json:common.farmersrespite.CoffeeStemBlockMixin
[20Dec2024 23:21:01.785] [main/WARN] [mixin/]: Error loading class: com/farmersrespite/common/block/entity/KettleBlockEntity (java.lang.ClassNotFoundException: com.farmersrespite.common.block.entity.KettleBlockEntity)
[20Dec2024 23:21:01.786] [main/WARN] [mixin/]: @Mixin target com.farmersrespite.common.block.entity.KettleBlockEntity was not found create_central_kitchen.mixins.json:common.farmersrespite.KettleBlockEntityMixin
[20Dec2024 23:21:01.788] [main/WARN] [mixin/]: Error loading class: com/farmersrespite/common/block/SmallTeaBushBlock (java.lang.ClassNotFoundException: com.farmersrespite.common.block.SmallTeaBushBlock)
[20Dec2024 23:21:01.788] [main/WARN] [mixin/]: @Mixin target com.farmersrespite.common.block.SmallTeaBushBlock was not found create_central_kitchen.mixins.json:common.farmersrespite.SmallTeaBushBlockMixin
[20Dec2024 23:21:01.790] [main/WARN] [mixin/]: Error loading class: com/farmersrespite/common/block/TeaBushBlock (java.lang.ClassNotFoundException: com.farmersrespite.common.block.TeaBushBlock)
[20Dec2024 23:21:01.790] [main/WARN] [mixin/]: @Mixin target com.farmersrespite.common.block.TeaBushBlock was not found create_central_kitchen.mixins.json:common.farmersrespite.TeaBushBlockMixin
[20Dec2024 23:21:01.792] [main/WARN] [mixin/]: Error loading class: com/sammy/minersdelight/content/block/copper_pot/CopperPotBlockEntity (java.lang.ClassNotFoundException: com.sammy.minersdelight.content.block.copper_pot.CopperPotBlockEntity)
[20Dec2024 23:21:01.793] [main/WARN] [mixin/]: @Mixin target com.sammy.minersdelight.content.block.copper_pot.CopperPotBlockEntity was not found create_central_kitchen.mixins.json:common.minersdelight.CopperPotBlockEntityMixin
[20Dec2024 23:21:01.794] [main/WARN] [mixin/]: Error loading class: com/teamabnormals/neapolitan/common/item/DrinkItem (java.lang.ClassNotFoundException: com.teamabnormals.neapolitan.common.item.DrinkItem)
[20Dec2024 23:21:01.795] [main/WARN] [mixin/]: @Mixin target com.teamabnormals.neapolitan.common.item.DrinkItem was not found create_central_kitchen.mixins.json:common.neapolitan.DrinkItemMixin
[20Dec2024 23:21:01.797] [main/WARN] [mixin/]: Error loading class: net/orcinus/overweightfarming/blocks/CropFullBlock (java.lang.ClassNotFoundException: net.orcinus.overweightfarming.blocks.CropFullBlock)
[20Dec2024 23:21:01.797] [main/WARN] [mixin/]: @Mixin target net.orcinus.overweightfarming.blocks.CropFullBlock was not found create_central_kitchen.mixins.json:common.overweightfarming.CropFullBlockMixin
[20Dec2024 23:21:02.050] [main/INFO] [MixinExtras|Service/]: Initializing MixinExtras via com.llamalad7.mixinextras.service.MixinExtrasServiceImpl(version=0.4.0-beta.2).
[20Dec2024 23:21:02.051] [main/WARN] [MixinExtras|Service/]: Found problematic active MixinExtras instance at llamalad7.mixinextras (version 0.2.0-beta.1)
[20Dec2024 23:21:02.051] [main/WARN] [MixinExtras|Service/]: Versions from 0.2.0-beta.1 to 0.2.0-beta.9 have limited support and it is strongly recommended to update.
[20Dec2024 23:21:02.509] [main/INFO] [Smooth Boot (Reloaded)/]: Smooth Boot (Reloaded) config initialized
[20Dec2024 23:21:02.811] [main/INFO] [net.minecraft.server.Bootstrap/]: ModernFix reached bootstrap stage (12.68 s after launch)
[20Dec2024 23:21:03.160] [main/INFO] [ModernFix/]: Injecting BlockStateBase cache population hook into getOpacityIfCached from ca.spottedleaf.starlight.mixin.common.blockstate.BlockStateBaseMixin
[20Dec2024 23:21:03.160] [main/INFO] [ModernFix/]: Injecting BlockStateBase cache population hook into getNeighborPathNodeType from com.abdelaziz.canary.mixin.ai.pathing.BlockStateBaseMixin
[20Dec2024 23:21:03.161] [main/INFO] [ModernFix/]: Injecting BlockStateBase cache population hook into getPathNodeType from com.abdelaziz.canary.mixin.ai.pathing.BlockStateBaseMixin
[20Dec2024 23:21:03.161] [main/INFO] [ModernFix/]: Injecting BlockStateBase cache population hook into m_60823_ from com.abdelaziz.canary.mixin.block.flatten_states.BlockStateBaseMixin
[20Dec2024 23:21:03.161] [main/INFO] [ModernFix/]: Injecting BlockStateBase cache population hook into isConditionallyFullOpaque from ca.spottedleaf.starlight.mixin.common.blockstate.BlockStateBaseMixin
[20Dec2024 23:21:04.984] [main/WARN] [mixin/]: Static binding violation: PRIVATE @Overwrite method m_47505_ in modernfix-common.mixins.json:perf.remove_biome_temperature_cache.BiomeMixin cannot reduce visibiliy of PUBLIC target method, visibility will be upgraded.
[20Dec2024 23:21:06.082] [main/INFO] [net.minecraft.server.Bootstrap/]: Vanilla bootstrap took 3267 milliseconds
[20Dec2024 23:21:06.563] [main/WARN] [mixin/]: @Final field f_58646_:[[Lnet/minecraft/world/effect/MobEffect; in cold_sweat.mixin.json:MixinBeaconEffects should be final
[20Dec2024 23:21:06.564] [main/WARN] [mixin/]: @Final field f_58647_:Ljava/util/Set; in cold_sweat.mixin.json:MixinBeaconEffects should be final
[20Dec2024 23:21:06.957] [main/INFO] [net.minecraftforge.coremod.CoreMod.beefix/COREMODLOG]: BeehiveBlockEntity patch being skipped; not needed in this version
[20Dec2024 23:21:07.556] [main/WARN] [mixin/]: @Redirect conflict. Skipping securitycraft.mixins.json:camera.ServerPlayerMixin->@Redirect::securitycraft$tick(Lnet/minecraft/server/level/ServerPlayer;DDDFF)V with priority 1100, already redirected by railways-common.mixins.json:conductor_possession.ServerPlayerMixin->@Redirect::snr$securitycraft$tick(Lnet/minecraft/server/level/ServerPlayer;DDDFF)V with priority 1200
[20Dec2024 23:21:09.448] [main/FATAL] [net.minecraftforge.fml.loading.RuntimeDistCleaner/DISTXFORM]: Attempted to load class me/flashyreese/mods/sodiumextra/client/SodiumExtraClientMod for invalid dist DEDICATED_SERVER
[20Dec2024 23:21:09.448] [main/ERROR] [net.minecraftforge.fml.javafmlmod.FMLModContainer/LOADING]: Failed to load class me.flashyreese.mods.sodiumextra.client.SodiumExtraClientMod
java.lang.RuntimeException: Attempted to load class me/flashyreese/mods/sodiumextra/client/SodiumExtraClientMod for invalid dist DEDICATED_SERVER
	at net.minecraftforge.fml.loading.RuntimeDistCleaner.processClassWithFlags(RuntimeDistCleaner.java:57) ~[fmlloader-1.18.2-40.2.21.jar%2318!/:1.0]
	at cpw.mods.modlauncher.LaunchPluginHandler.offerClassNodeToPlugins(LaunchPluginHandler.java:88) ~[modlauncher-9.1.3.jar%235!/:?]
	at cpw.mods.modlauncher.ClassTransformer.transform(ClassTransformer.java:120) ~[modlauncher-9.1.3.jar%235!/:?]
	at cpw.mods.modlauncher.TransformingClassLoader.maybeTransformClassBytes(TransformingClassLoader.java:50) ~[modlauncher-9.1.3.jar%235!/:?]
	at cpw.mods.cl.ModuleClassLoader.readerToClass(ModuleClassLoader.java:113) ~[securejarhandler-1.0.8.jar:?]
	at cpw.mods.cl.ModuleClassLoader.lambda$findClass$15(ModuleClassLoader.java:219) ~[securejarhandler-1.0.8.jar:?]
	at cpw.mods.cl.ModuleClassLoader.loadFromModule(ModuleClassLoader.java:229) ~[securejarhandler-1.0.8.jar:?]
	at cpw.mods.cl.ModuleClassLoader.findClass(ModuleClassLoader.java:219) ~[securejarhandler-1.0.8.jar:?]
	at java.lang.ClassLoader.loadClass(ClassLoader.java:638) ~[?:?]
	at java.lang.Class.forName(Class.java:625) ~[?:?]
	at java.lang.Class.forName(Class.java:600) ~[?:?]
	at net.minecraftforge.fml.javafmlmod.FMLModContainer.<init>(FMLModContainer.java:47) ~[javafmllanguage-1.18.2-40.2.21.jar%23267!/:?]
	at jdk.internal.reflect.DirectConstructorHandleAccessor.newInstance(DirectConstructorHandleAccessor.java:62) ~[?:?]
	at java.lang.reflect.Constructor.newInstanceWithCaller(Constructor.java:502) ~[?:?]
	at java.lang.reflect.Constructor.newInstance(Constructor.java:486) ~[?:?]
	at net.minecraftforge.fml.javafmlmod.FMLJavaModLanguageProvider$FMLModTarget.loadMod(FMLJavaModLanguageProvider.java:62) ~[javafmllanguage-1.18.2-40.2.21.jar%23267!/:?]
	at net.minecraftforge.fml.ModLoader.buildModContainerFromTOML(ModLoader.java:255) ~[fmlcore-1.18.2-40.2.21.jar%23266!/:?]
	at net.minecraftforge.fml.ModLoader.lambda$buildMods$26(ModLoader.java:234) ~[fmlcore-1.18.2-40.2.21.jar%23266!/:?]
	at java.util.stream.ReferencePipeline$3$1.accept(ReferencePipeline.java:197) ~[?:?]
	at java.util.HashMap$EntrySpliterator.forEachRemaining(HashMap.java:1858) ~[?:?]
	at java.util.stream.AbstractPipeline.copyInto(AbstractPipeline.java:509) ~[?:?]
	at java.util.stream.AbstractPipeline.wrapAndCopyInto(AbstractPipeline.java:499) ~[?:?]
	at java.util.stream.ReduceOps$ReduceOp.evaluateSequential(ReduceOps.java:921) ~[?:?]
	at java.util.stream.AbstractPipeline.evaluate(AbstractPipeline.java:234) ~[?:?]
	at java.util.stream.ReferencePipeline.collect(ReferencePipeline.java:682) ~[?:?]
	at net.minecraftforge.fml.ModLoader.buildMods(ModLoader.java:236) ~[fmlcore-1.18.2-40.2.21.jar%23266!/:?]
	at java.util.stream.ReferencePipeline$3$1.accept(ReferencePipeline.java:197) ~[?:?]
	at java.util.stream.ReferencePipeline$3$1.accept(ReferencePipeline.java:197) ~[?:?]
	at java.util.ArrayList$ArrayListSpliterator.forEachRemaining(ArrayList.java:1708) ~[?:?]
	at java.util.stream.AbstractPipeline.copyInto(AbstractPipeline.java:509) ~[?:?]
	at java.util.stream.AbstractPipeline.wrapAndCopyInto(AbstractPipeline.java:499) ~[?:?]
	at java.util.stream.AbstractPipeline.evaluate(AbstractPipeline.java:575) ~[?:?]
	at java.util.stream.AbstractPipeline.evaluateToArrayNode(AbstractPipeline.java:260) ~[?:?]
	at java.util.stream.ReferencePipeline.toArray(ReferencePipeline.java:616) ~[?:?]
	at java.util.stream.ReferencePipeline.toArray(ReferencePipeline.java:622) ~[?:?]
	at java.util.stream.ReferencePipeline.toList(ReferencePipeline.java:627) ~[?:?]
	at net.minecraftforge.fml.ModLoader.gatherAndInitializeMods(ModLoader.java:154) ~[fmlcore-1.18.2-40.2.21.jar%23266!/:?]
	at net.minecraftforge.server.loading.ServerModLoader.load(ServerModLoader.java:32) ~[forge-1.18.2-40.2.21-universal.jar%23270!/:?]
	at net.minecraft.server.Main.main(Main.java:112) ~[server-1.18.2-20220404.173914-srg.jar%23265!/:?]
	at jdk.internal.reflect.DirectMethodHandleAccessor.invoke(DirectMethodHandleAccessor.java:103) ~[?:?]
	at java.lang.reflect.Method.invoke(Method.java:580) ~[?:?]
	at net.minecraftforge.fml.loading.targets.CommonServerLaunchHandler.lambda$launchService$0(CommonServerLaunchHandler.java:32) ~[fmlloader-1.18.2-40.2.21.jar%2318!/:?]
	at cpw.mods.modlauncher.LaunchServiceHandlerDecorator.launch(LaunchServiceHandlerDecorator.java:37) [modlauncher-9.1.3.jar%235!/:?]
	at cpw.mods.modlauncher.LaunchServiceHandler.launch(LaunchServiceHandler.java:53) [modlauncher-9.1.3.jar%235!/:?]
	at cpw.mods.modlauncher.LaunchServiceHandler.launch(LaunchServiceHandler.java:71) [modlauncher-9.1.3.jar%235!/:?]
	at cpw.mods.modlauncher.Launcher.run(Launcher.java:106) [modlauncher-9.1.3.jar%235!/:?]
	at cpw.mods.modlauncher.Launcher.main(Launcher.java:77) [modlauncher-9.1.3.jar%235!/:?]
	at cpw.mods.modlauncher.BootstrapLaunchConsumer.accept(BootstrapLaunchConsumer.java:26) [modlauncher-9.1.3.jar%235!/:?]
	at cpw.mods.modlauncher.BootstrapLaunchConsumer.accept(BootstrapLaunchConsumer.java:23) [modlauncher-9.1.3.jar%235!/:?]
	at cpw.mods.bootstraplauncher.BootstrapLauncher.main(BootstrapLauncher.java:149) [bootstraplauncher-1.0.0.jar:?]
[20Dec2024 23:21:09.450] [main/FATAL] [net.minecraftforge.fml.javafmlmod.FMLJavaModLanguageProvider/LOADING]: Failed to build mod
java.lang.reflect.InvocationTargetException: null
	at jdk.internal.reflect.DirectConstructorHandleAccessor.newInstance(DirectConstructorHandleAccessor.java:74) ~[?:?]
	at java.lang.reflect.Constructor.newInstanceWithCaller(Constructor.java:502) ~[?:?]
	at java.lang.reflect.Constructor.newInstance(Constructor.java:486) ~[?:?]
	at net.minecraftforge.fml.javafmlmod.FMLJavaModLanguageProvider$FMLModTarget.loadMod(FMLJavaModLanguageProvider.java:62) ~[javafmllanguage-1.18.2-40.2.21.jar%23267!/:?]
	at net.minecraftforge.fml.ModLoader.buildModContainerFromTOML(ModLoader.java:255) ~[fmlcore-1.18.2-40.2.21.jar%23266!/:?]
	at net.minecraftforge.fml.ModLoader.lambda$buildMods$26(ModLoader.java:234) ~[fmlcore-1.18.2-40.2.21.jar%23266!/:?]
	at java.util.stream.ReferencePipeline$3$1.accept(ReferencePipeline.java:197) ~[?:?]
	at java.util.HashMap$EntrySpliterator.forEachRemaining(HashMap.java:1858) ~[?:?]
	at java.util.stream.AbstractPipeline.copyInto(AbstractPipeline.java:509) ~[?:?]
	at java.util.stream.AbstractPipeline.wrapAndCopyInto(AbstractPipeline.java:499) ~[?:?]
	at java.util.stream.ReduceOps$ReduceOp.evaluateSequential(ReduceOps.java:921) ~[?:?]
	at java.util.stream.AbstractPipeline.evaluate(AbstractPipeline.java:234) ~[?:?]
	at java.util.stream.ReferencePipeline.collect(ReferencePipeline.java:682) ~[?:?]
	at net.minecraftforge.fml.ModLoader.buildMods(ModLoader.java:236) ~[fmlcore-1.18.2-40.2.21.jar%23266!/:?]
	at java.util.stream.ReferencePipeline$3$1.accept(ReferencePipeline.java:197) ~[?:?]
	at java.util.stream.ReferencePipeline$3$1.accept(ReferencePipeline.java:197) ~[?:?]
	at java.util.ArrayList$ArrayListSpliterator.forEachRemaining(ArrayList.java:1708) ~[?:?]
	at java.util.stream.AbstractPipeline.copyInto(AbstractPipeline.java:509) ~[?:?]
	at java.util.stream.AbstractPipeline.wrapAndCopyInto(AbstractPipeline.java:499) ~[?:?]
	at java.util.stream.AbstractPipeline.evaluate(AbstractPipeline.java:575) ~[?:?]
	at java.util.stream.AbstractPipeline.evaluateToArrayNode(AbstractPipeline.java:260) ~[?:?]
	at java.util.stream.ReferencePipeline.toArray(ReferencePipeline.java:616) ~[?:?]
	at java.util.stream.ReferencePipeline.toArray(ReferencePipeline.java:622) ~[?:?]
	at java.util.stream.ReferencePipeline.toList(ReferencePipeline.java:627) ~[?:?]
	at net.minecraftforge.fml.ModLoader.gatherAndInitializeMods(ModLoader.java:154) ~[fmlcore-1.18.2-40.2.21.jar%23266!/:?]
	at net.minecraftforge.server.loading.ServerModLoader.load(ServerModLoader.java:32) ~[forge-1.18.2-40.2.21-universal.jar%23270!/:?]
	at net.minecraft.server.Main.main(Main.java:112) ~[server-1.18.2-20220404.173914-srg.jar%23265!/:?]
	at jdk.internal.reflect.DirectMethodHandleAccessor.invoke(DirectMethodHandleAccessor.java:103) ~[?:?]
	at java.lang.reflect.Method.invoke(Method.java:580) ~[?:?]
	at net.minecraftforge.fml.loading.targets.CommonServerLaunchHandler.lambda$launchService$0(CommonServerLaunchHandler.java:32) ~[fmlloader-1.18.2-40.2.21.jar%2318!/:?]
	at cpw.mods.modlauncher.LaunchServiceHandlerDecorator.launch(LaunchServiceHandlerDecorator.java:37) [modlauncher-9.1.3.jar%235!/:?]
	at cpw.mods.modlauncher.LaunchServiceHandler.launch(LaunchServiceHandler.java:53) [modlauncher-9.1.3.jar%235!/:?]
	at cpw.mods.modlauncher.LaunchServiceHandler.launch(LaunchServiceHandler.java:71) [modlauncher-9.1.3.jar%235!/:?]
	at cpw.mods.modlauncher.Launcher.run(Launcher.java:106) [modlauncher-9.1.3.jar%235!/:?]
	at cpw.mods.modlauncher.Launcher.main(Launcher.java:77) [modlauncher-9.1.3.jar%235!/:?]
	at cpw.mods.modlauncher.BootstrapLaunchConsumer.accept(BootstrapLaunchConsumer.java:26) [modlauncher-9.1.3.jar%235!/:?]
	at cpw.mods.modlauncher.BootstrapLaunchConsumer.accept(BootstrapLaunchConsumer.java:23) [modlauncher-9.1.3.jar%235!/:?]
	at cpw.mods.bootstraplauncher.BootstrapLauncher.main(BootstrapLauncher.java:149) [bootstraplauncher-1.0.0.jar:?]
Caused by: net.minecraftforge.fml.ModLoadingException: Rubidium Extra has class loading errors
ยง7java.lang.RuntimeException: Attempted to load class me/flashyreese/mods/sodiumextra/client/SodiumExtraClientMod for invalid dist DEDICATED_SERVER
	at net.minecraftforge.fml.javafmlmod.FMLModContainer.<init>(FMLModContainer.java:53) ~[javafmllanguage-1.18.2-40.2.21.jar%23267!/:?]
	at jdk.internal.reflect.DirectConstructorHandleAccessor.newInstance(DirectConstructorHandleAccessor.java:62) ~[?:?]
	... 37 more
Caused by: java.lang.RuntimeException: Attempted to load class me/flashyreese/mods/sodiumextra/client/SodiumExtraClientMod for invalid dist DEDICATED_SERVER
	at net.minecraftforge.fml.loading.RuntimeDistCleaner.processClassWithFlags(RuntimeDistCleaner.java:57) ~[fmlloader-1.18.2-40.2.21.jar%2318!/:1.0]
	at cpw.mods.modlauncher.LaunchPluginHandler.offerClassNodeToPlugins(LaunchPluginHandler.java:88) ~[modlauncher-9.1.3.jar%235!/:?]
	at cpw.mods.modlauncher.ClassTransformer.transform(ClassTransformer.java:120) ~[modlauncher-9.1.3.jar%235!/:?]
	at cpw.mods.modlauncher.TransformingClassLoader.maybeTransformClassBytes(TransformingClassLoader.java:50) ~[modlauncher-9.1.3.jar%235!/:?]
	at cpw.mods.cl.ModuleClassLoader.readerToClass(ModuleClassLoader.java:113) ~[securejarhandler-1.0.8.jar:?]
	at cpw.mods.cl.ModuleClassLoader.lambda$findClass$15(ModuleClassLoader.java:219) ~[securejarhandler-1.0.8.jar:?]
	at cpw.mods.cl.ModuleClassLoader.loadFromModule(ModuleClassLoader.java:229) ~[securejarhandler-1.0.8.jar:?]
	at cpw.mods.cl.ModuleClassLoader.findClass(ModuleClassLoader.java:219) ~[securejarhandler-1.0.8.jar:?]
	at java.lang.ClassLoader.loadClass(ClassLoader.java:638) ~[?:?]
	at java.lang.Class.forName(Class.java:625) ~[?:?]
	at java.lang.Class.forName(Class.java:600) ~[?:?]
	at net.minecraftforge.fml.javafmlmod.FMLModContainer.<init>(FMLModContainer.java:47) ~[javafmllanguage-1.18.2-40.2.21.jar%23267!/:?]
	at jdk.internal.reflect.DirectConstructorHandleAccessor.newInstance(DirectConstructorHandleAccessor.java:62) ~[?:?]
	... 37 more
[20Dec2024 23:21:09.547] [main/FATAL] [net.minecraftforge.fml.ModLoader/CORE]: Failed to initialize mod containers
net.minecraftforge.fml.ModLoadingException: Rubidium Extra has class loading errors
ยง7java.lang.RuntimeException: Attempted to load class me/flashyreese/mods/sodiumextra/client/SodiumExtraClientMod for invalid dist DEDICATED_SERVER
	at net.minecraftforge.fml.javafmlmod.FMLModContainer.<init>(FMLModContainer.java:53) ~[javafmllanguage-1.18.2-40.2.21.jar%23267!/:?]
	at jdk.internal.reflect.DirectConstructorHandleAccessor.newInstance(DirectConstructorHandleAccessor.java:62) ~[?:?]
	at java.lang.reflect.Constructor.newInstanceWithCaller(Constructor.java:502) ~[?:?]
	at java.lang.reflect.Constructor.newInstance(Constructor.java:486) ~[?:?]
	at net.minecraftforge.fml.javafmlmod.FMLJavaModLanguageProvider$FMLModTarget.loadMod(FMLJavaModLanguageProvider.java:62) ~[javafmllanguage-1.18.2-40.2.21.jar%23267!/:?]
	at net.minecraftforge.fml.ModLoader.buildModContainerFromTOML(ModLoader.java:255) ~[fmlcore-1.18.2-40.2.21.jar%23266!/:?]
	at net.minecraftforge.fml.ModLoader.lambda$buildMods$26(ModLoader.java:234) ~[fmlcore-1.18.2-40.2.21.jar%23266!/:?]
	at java.util.stream.ReferencePipeline$3$1.accept(ReferencePipeline.java:197) ~[?:?]
	at java.util.HashMap$EntrySpliterator.forEachRemaining(HashMap.java:1858) ~[?:?]
	at java.util.stream.AbstractPipeline.copyInto(AbstractPipeline.java:509) ~[?:?]
	at java.util.stream.AbstractPipeline.wrapAndCopyInto(AbstractPipeline.java:499) ~[?:?]
	at java.util.stream.ReduceOps$ReduceOp.evaluateSequential(ReduceOps.java:921) ~[?:?]
	at java.util.stream.AbstractPipeline.evaluate(AbstractPipeline.java:234) ~[?:?]
	at java.util.stream.ReferencePipeline.collect(ReferencePipeline.java:682) ~[?:?]
	at net.minecraftforge.fml.ModLoader.buildMods(ModLoader.java:236) ~[fmlcore-1.18.2-40.2.21.jar%23266!/:?]
	at java.util.stream.ReferencePipeline$3$1.accept(ReferencePipeline.java:197) ~[?:?]
	at java.util.stream.ReferencePipeline$3$1.accept(ReferencePipeline.java:197) ~[?:?]
	at java.util.ArrayList$ArrayListSpliterator.forEachRemaining(ArrayList.java:1708) ~[?:?]
	at java.util.stream.AbstractPipeline.copyInto(AbstractPipeline.java:509) ~[?:?]
	at java.util.stream.AbstractPipeline.wrapAndCopyInto(AbstractPipeline.java:499) ~[?:?]
	at java.util.stream.AbstractPipeline.evaluate(AbstractPipeline.java:575) ~[?:?]
	at java.util.stream.AbstractPipeline.evaluateToArrayNode(AbstractPipeline.java:260) ~[?:?]
	at java.util.stream.ReferencePipeline.toArray(ReferencePipeline.java:616) ~[?:?]
	at java.util.stream.ReferencePipeline.toArray(ReferencePipeline.java:622) ~[?:?]
	at java.util.stream.ReferencePipeline.toList(ReferencePipeline.java:627) ~[?:?]
	at net.minecraftforge.fml.ModLoader.gatherAndInitializeMods(ModLoader.java:154) ~[fmlcore-1.18.2-40.2.21.jar%23266!/:?]
	at net.minecraftforge.server.loading.ServerModLoader.load(ServerModLoader.java:32) ~[forge-1.18.2-40.2.21-universal.jar%23270!/:?]
	at net.minecraft.server.Main.main(Main.java:112) ~[server-1.18.2-20220404.173914-srg.jar%23265!/:?]
	at jdk.internal.reflect.DirectMethodHandleAccessor.invoke(DirectMethodHandleAccessor.java:103) ~[?:?]
	at java.lang.reflect.Method.invoke(Method.java:580) ~[?:?]
	at net.minecraftforge.fml.loading.targets.CommonServerLaunchHandler.lambda$launchService$0(CommonServerLaunchHandler.java:32) ~[fmlloader-1.18.2-40.2.21.jar%2318!/:?]
	at cpw.mods.modlauncher.LaunchServiceHandlerDecorator.launch(LaunchServiceHandlerDecorator.java:37) [modlauncher-9.1.3.jar%235!/:?]
	at cpw.mods.modlauncher.LaunchServiceHandler.launch(LaunchServiceHandler.java:53) [modlauncher-9.1.3.jar%235!/:?]
	at cpw.mods.modlauncher.LaunchServiceHandler.launch(LaunchServiceHandler.java:71) [modlauncher-9.1.3.jar%235!/:?]
	at cpw.mods.modlauncher.Launcher.run(Launcher.java:106) [modlauncher-9.1.3.jar%235!/:?]
	at cpw.mods.modlauncher.Launcher.main(Launcher.java:77) [modlauncher-9.1.3.jar%235!/:?]
	at cpw.mods.modlauncher.BootstrapLaunchConsumer.accept(BootstrapLaunchConsumer.java:26) [modlauncher-9.1.3.jar%235!/:?]
	at cpw.mods.modlauncher.BootstrapLaunchConsumer.accept(BootstrapLaunchConsumer.java:23) [modlauncher-9.1.3.jar%235!/:?]
	at cpw.mods.bootstraplauncher.BootstrapLauncher.main(BootstrapLauncher.java:149) [bootstraplauncher-1.0.0.jar:?]
Caused by: java.lang.RuntimeException: Attempted to load class me/flashyreese/mods/sodiumextra/client/SodiumExtraClientMod for invalid dist DEDICATED_SERVER
	at net.minecraftforge.fml.loading.RuntimeDistCleaner.processClassWithFlags(RuntimeDistCleaner.java:57) ~[fmlloader-1.18.2-40.2.21.jar%2318!/:1.0]
	at cpw.mods.modlauncher.LaunchPluginHandler.offerClassNodeToPlugins(LaunchPluginHandler.java:88) ~[modlauncher-9.1.3.jar%235!/:?]
	at cpw.mods.modlauncher.ClassTransformer.transform(ClassTransformer.java:120) ~[modlauncher-9.1.3.jar%235!/:?]
	at cpw.mods.modlauncher.TransformingClassLoader.maybeTransformClassBytes(TransformingClassLoader.java:50) ~[modlauncher-9.1.3.jar%235!/:?]
	at cpw.mods.cl.ModuleClassLoader.readerToClass(ModuleClassLoader.java:113) ~[securejarhandler-1.0.8.jar:?]
	at cpw.mods.cl.ModuleClassLoader.lambda$findClass$15(ModuleClassLoader.java:219) ~[securejarhandler-1.0.8.jar:?]
	at cpw.mods.cl.ModuleClassLoader.loadFromModule(ModuleClassLoader.java:229) ~[securejarhandler-1.0.8.jar:?]
	at cpw.mods.cl.ModuleClassLoader.findClass(ModuleClassLoader.java:219) ~[securejarhandler-1.0.8.jar:?]
	at java.lang.ClassLoader.loadClass(ClassLoader.java:638) ~[?:?]
	at java.lang.Class.forName(Class.java:625) ~[?:?]
	at java.lang.Class.forName(Class.java:600) ~[?:?]
	at net.minecraftforge.fml.javafmlmod.FMLModContainer.<init>(FMLModContainer.java:47) ~[javafmllanguage-1.18.2-40.2.21.jar%23267!/:?]
	... 38 more
[20Dec2024 23:21:09.634] [main/FATAL] [net.minecraftforge.server.loading.ServerModLoader/]: Crash report saved to ./crash-reports/crash-2024-12-20_23.21.09-fml.txt
[20Dec2024 23:21:09.656] [main/ERROR] [net.minecraft.server.Main/FATAL]: Failed to start the minecraft server
net.minecraftforge.fml.LoadingFailedException: Loading errors encountered: [
	Rubidium Extra has class loading errors
ยง7java.lang.RuntimeException: Attempted to load class me/flashyreese/mods/sodiumextra/client/SodiumExtraClientMod for invalid dist DEDICATED_SERVER
]
	at net.minecraftforge.fml.ModLoader.gatherAndInitializeMods(ModLoader.java:159) ~[fmlcore-1.18.2-40.2.21.jar%23266!/:?]
	at net.minecraftforge.server.loading.ServerModLoader.load(ServerModLoader.java:32) ~[forge-1.18.2-40.2.21-universal.jar%23270!/:?]
	at net.minecraft.server.Main.main(Main.java:112) ~[server-1.18.2-20220404.173914-srg.jar%23265!/:?]
	at jdk.internal.reflect.DirectMethodHandleAccessor.invoke(DirectMethodHandleAccessor.java:103) ~[?:?]
	at java.lang.reflect.Method.invoke(Method.java:580) ~[?:?]
	at net.minecraftforge.fml.loading.targets.CommonServerLaunchHandler.lambda$launchService$0(CommonServerLaunchHandler.java:32) ~[fmlloader-1.18.2-40.2.21.jar%2318!/:?]
	at cpw.mods.modlauncher.LaunchServiceHandlerDecorator.launch(LaunchServiceHandlerDecorator.java:37) [modlauncher-9.1.3.jar%235!/:?]
	at cpw.mods.modlauncher.LaunchServiceHandler.launch(LaunchServiceHandler.java:53) [modlauncher-9.1.3.jar%235!/:?]
	at cpw.mods.modlauncher.LaunchServiceHandler.launch(LaunchServiceHandler.java:71) [modlauncher-9.1.3.jar%235!/:?]
	at cpw.mods.modlauncher.Launcher.run(Launcher.java:106) [modlauncher-9.1.3.jar%235!/:?]
	at cpw.mods.modlauncher.Launcher.main(Launcher.java:77) [modlauncher-9.1.3.jar%235!/:?]
	at cpw.mods.modlauncher.BootstrapLaunchConsumer.accept(BootstrapLaunchConsumer.java:26) [modlauncher-9.1.3.jar%235!/:?]
	at cpw.mods.modlauncher.BootstrapLaunchConsumer.accept(BootstrapLaunchConsumer.java:23) [modlauncher-9.1.3.jar%235!/:?]
	at cpw.mods.bootstraplauncher.BootstrapLauncher.main(BootstrapLauncher.java:149) [bootstraplauncher-1.0.0.jar:?]
